<?xml version="1.0" encoding="utf-8"?><testsuites><testsuite name="pytest" errors="8" failures="0" skipped="12" tests="92" time="3.083" timestamp="2025-08-24T21:30:46.632746+00:00" hostname="6f0d029db36c"><testcase classname="tests.test_integration.TestSiteGeneratorIntegration" name="test_end_to_end_site_generation_flow" time="0.122" /><testcase classname="tests.test_integration.TestSiteGeneratorIntegration" name="test_content_processing_pipeline_integration" time="0.012" /><testcase classname="tests.test_integration.TestSiteGeneratorIntegration" name="test_template_rendering_integration" time="0.011" /><testcase classname="tests.test_integration.TestSiteGeneratorIntegration" name="test_data_flow_consistency" time="0.012" /><testcase classname="tests.test_integration.TestSiteGeneratorIntegration" name="test_performance_characteristics_integration" time="0.011" /><testcase classname="tests.test_integration.TestPhase1BIntegrationSlow" name="test_real_content_processing" time="0.002"><error message="failed on setup with &quot;FileNotFoundError: [Errno 2] No such file or directory: '/workspaces/ai-content-farm/test_ranked_content.json'&quot;">containers/site-generator/tests/test_integration.py:186: in real_ranked_content
    with open(content_file, "r") as f:
E   FileNotFoundError: [Errno 2] No such file or directory: '/workspaces/ai-content-farm/test_ranked_content.json'</error></testcase><testcase classname="tests.test_integration.TestPhase1BIntegrationSlow" name="test_full_site_generation_with_real_content" time="0.002"><error message="failed on setup with &quot;FileNotFoundError: [Errno 2] No such file or directory: '/workspaces/ai-content-farm/test_ranked_content.json'&quot;">containers/site-generator/tests/test_integration.py:186: in real_ranked_content
    with open(content_file, "r") as f:
E   FileNotFoundError: [Errno 2] No such file or directory: '/workspaces/ai-content-farm/test_ranked_content.json'</error></testcase><testcase classname="tests.test_integration.TestPhase1BIntegrationSlow" name="test_rss_feed_generation_with_real_content" time="0.002"><error message="failed on setup with &quot;FileNotFoundError: [Errno 2] No such file or directory: '/workspaces/ai-content-farm/test_ranked_content.json'&quot;">containers/site-generator/tests/test_integration.py:186: in real_ranked_content
    with open(content_file, "r") as f:
E   FileNotFoundError: [Errno 2] No such file or directory: '/workspaces/ai-content-farm/test_ranked_content.json'</error></testcase><testcase classname="tests.test_integration.TestPhase1BIntegrationSlow" name="test_content_item_validation_with_real_data" time="0.002"><error message="failed on setup with &quot;FileNotFoundError: [Errno 2] No such file or directory: '/workspaces/ai-content-farm/test_ranked_content.json'&quot;">containers/site-generator/tests/test_integration.py:186: in real_ranked_content
    with open(content_file, "r") as f:
E   FileNotFoundError: [Errno 2] No such file or directory: '/workspaces/ai-content-farm/test_ranked_content.json'</error></testcase><testcase classname="tests.test_integration_fast.TestSiteGeneratorIntegration" name="test_end_to_end_site_generation_flow" time="0.016" /><testcase classname="tests.test_integration_fast.TestSiteGeneratorIntegration" name="test_content_processing_pipeline_integration" time="0.014" /><testcase classname="tests.test_integration_fast.TestSiteGeneratorIntegration" name="test_template_rendering_integration" time="0.013" /><testcase classname="tests.test_integration_fast.TestSiteGeneratorIntegration" name="test_blob_storage_integration_patterns" time="0.012" /><testcase classname="tests.test_integration_fast.TestSiteGeneratorIntegration" name="test_error_handling_integration" time="0.011" /><testcase classname="tests.test_integration_fast.TestSiteGeneratorIntegration" name="test_concurrent_generation_handling" time="0.013" /><testcase classname="tests.test_integration_fast.TestSiteGeneratorIntegration" name="test_data_flow_consistency" time="0.011" /><testcase classname="tests.test_integration_fast.TestSiteGeneratorIntegration" name="test_configuration_integration" time="0.011" /><testcase classname="tests.test_integration_fast.TestSiteGeneratorIntegration" name="test_performance_characteristics_integration" time="0.016" /><testcase classname="tests.test_main.TestSiteGeneratorAPI" name="test_health_endpoint" time="0.037" /><testcase classname="tests.test_main.TestSiteGeneratorAPI" name="test_generate_site_endpoint_success" time="0.018" /><testcase classname="tests.test_main.TestSiteGeneratorAPI" name="test_generate_site_endpoint_validation_error" time="0.013" /><testcase classname="tests.test_main.TestSiteGeneratorAPI" name="test_get_generation_status_endpoint" time="0.028" /><testcase classname="tests.test_main.TestSiteGeneratorAPI" name="test_get_nonexistent_site_status" time="0.018" /><testcase classname="tests.test_main.TestSiteGeneratorAPI" name="test_list_sites_endpoint" time="0.016" /><testcase classname="tests.test_main.TestSiteGeneratorAPI" name="test_api_content_type_validation" time="0.011" /><testcase classname="tests.test_main.TestSiteGeneratorAPI" name="test_api_response_format_consistency" time="0.019" /><testcase classname="tests.test_main.TestSiteGeneratorAPI" name="test_error_handling_in_api" time="0.020" /><testcase classname="tests.test_main.TestSiteGeneratorAPI" name="test_api_performance_expectations" time="0.019" /><testcase classname="tests.test_main.TestSiteGeneratorAPI" name="test_theme_validation" time="0.043" /><testcase classname="tests.test_main.TestHealthEndpoint" name="test_health_endpoint_exists" time="0.003"><skipped type="pytest.skip" message="main.py import failed: AZURE_STORAGE_CONNECTION_STRING is required">/workspaces/ai-content-farm/containers/site-generator/tests/test_main.py:284: main.py import failed: AZURE_STORAGE_CONNECTION_STRING is required</skipped></testcase><testcase classname="tests.test_main.TestHealthEndpoint" name="test_health_endpoint_format" time="0.002"><skipped type="pytest.skip" message="main.py import failed: AZURE_STORAGE_CONNECTION_STRING is required">/workspaces/ai-content-farm/containers/site-generator/tests/test_main.py:292: main.py import failed: AZURE_STORAGE_CONNECTION_STRING is required</skipped></testcase><testcase classname="tests.test_main.TestStatusEndpoint" name="test_status_endpoint_exists" time="0.003"><skipped type="pytest.skip" message="main.py import failed: AZURE_STORAGE_CONNECTION_STRING is required">/workspaces/ai-content-farm/containers/site-generator/tests/test_main.py:309: main.py import failed: AZURE_STORAGE_CONNECTION_STRING is required</skipped></testcase><testcase classname="tests.test_main.TestStatusEndpoint" name="test_status_endpoint_format" time="0.003"><skipped type="pytest.skip" message="main.py import failed: AZURE_STORAGE_CONNECTION_STRING is required">/workspaces/ai-content-farm/containers/site-generator/tests/test_main.py:317: main.py import failed: AZURE_STORAGE_CONNECTION_STRING is required</skipped></testcase><testcase classname="tests.test_main.TestGenerateEndpoint" name="test_generate_endpoint_exists" time="0.002"><skipped type="pytest.skip" message="main.py import failed: AZURE_STORAGE_CONNECTION_STRING is required">/workspaces/ai-content-farm/containers/site-generator/tests/test_main.py:335: main.py import failed: AZURE_STORAGE_CONNECTION_STRING is required</skipped></testcase><testcase classname="tests.test_main.TestGenerateEndpoint" name="test_generate_request_validation" time="0.002"><skipped type="pytest.skip" message="main.py import failed: AZURE_STORAGE_CONNECTION_STRING is required">/workspaces/ai-content-farm/containers/site-generator/tests/test_main.py:347: main.py import failed: AZURE_STORAGE_CONNECTION_STRING is required</skipped></testcase><testcase classname="tests.test_main.TestGenerateEndpoint" name="test_generate_response_format" time="0.008"><skipped type="pytest.skip" message="main.py import failed: AZURE_STORAGE_CONNECTION_STRING is required">/workspaces/ai-content-farm/containers/site-generator/tests/test_main.py:357: main.py import failed: AZURE_STORAGE_CONNECTION_STRING is required</skipped></testcase><testcase classname="tests.test_main.TestSitePreviewEndpoint" name="test_preview_endpoint_exists" time="0.003"><skipped type="pytest.skip" message="main.py import failed: AZURE_STORAGE_CONNECTION_STRING is required">/workspaces/ai-content-farm/containers/site-generator/tests/test_main.py:382: main.py import failed: AZURE_STORAGE_CONNECTION_STRING is required</skipped></testcase><testcase classname="tests.test_main.TestSitePreviewEndpoint" name="test_sites_list_endpoint" time="0.002"><skipped type="pytest.skip" message="main.py import failed: AZURE_STORAGE_CONNECTION_STRING is required">/workspaces/ai-content-farm/containers/site-generator/tests/test_main.py:392: main.py import failed: AZURE_STORAGE_CONNECTION_STRING is required</skipped></testcase><testcase classname="tests.test_main.TestAPIStandards" name="test_root_endpoint_info" time="0.003"><skipped type="pytest.skip" message="main.py import failed: AZURE_STORAGE_CONNECTION_STRING is required">/workspaces/ai-content-farm/containers/site-generator/tests/test_main.py:408: main.py import failed: AZURE_STORAGE_CONNECTION_STRING is required</skipped></testcase><testcase classname="tests.test_main.TestAPIStandards" name="test_cors_headers" time="0.002"><skipped type="pytest.skip" message="main.py import failed: AZURE_STORAGE_CONNECTION_STRING is required">/workspaces/ai-content-farm/containers/site-generator/tests/test_main.py:420: main.py import failed: AZURE_STORAGE_CONNECTION_STRING is required</skipped></testcase><testcase classname="tests.test_main.TestAPIStandards" name="test_error_handling" time="0.003"><skipped type="pytest.skip" message="main.py import failed: AZURE_STORAGE_CONNECTION_STRING is required">/workspaces/ai-content-farm/containers/site-generator/tests/test_main.py:432: main.py import failed: AZURE_STORAGE_CONNECTION_STRING is required</skipped></testcase><testcase classname="tests.test_main_fast.TestSiteGeneratorAPI" name="test_health_endpoint" time="0.011" /><testcase classname="tests.test_main_fast.TestSiteGeneratorAPI" name="test_generate_site_endpoint_success" time="0.017" /><testcase classname="tests.test_main_fast.TestSiteGeneratorAPI" name="test_generate_site_endpoint_validation_error" time="0.011" /><testcase classname="tests.test_main_fast.TestSiteGeneratorAPI" name="test_get_generation_status_endpoint" time="0.026" /><testcase classname="tests.test_main_fast.TestSiteGeneratorAPI" name="test_get_nonexistent_site_status" time="0.018" /><testcase classname="tests.test_main_fast.TestSiteGeneratorAPI" name="test_list_sites_endpoint" time="0.017" /><testcase classname="tests.test_main_fast.TestSiteGeneratorAPI" name="test_api_content_type_validation" time="0.012" /><testcase classname="tests.test_main_fast.TestSiteGeneratorAPI" name="test_api_response_format_consistency" time="0.017" /><testcase classname="tests.test_main_fast.TestSiteGeneratorAPI" name="test_error_handling_in_api" time="0.020" /><testcase classname="tests.test_main_fast.TestSiteGeneratorAPI" name="test_api_performance_expectations" time="0.018" /><testcase classname="tests.test_main_fast.TestSiteGeneratorAPI" name="test_theme_validation" time="0.046" /><testcase classname="tests.test_phase1b_integration.TestSiteGeneratorIntegration" name="test_end_to_end_site_generation_flow" time="0.019" /><testcase classname="tests.test_phase1b_integration.TestSiteGeneratorIntegration" name="test_content_processing_pipeline_integration" time="0.013" /><testcase classname="tests.test_phase1b_integration.TestSiteGeneratorIntegration" name="test_template_rendering_integration" time="0.016" /><testcase classname="tests.test_phase1b_integration.TestSiteGeneratorIntegration" name="test_data_flow_consistency" time="0.011" /><testcase classname="tests.test_phase1b_integration.TestSiteGeneratorIntegration" name="test_performance_characteristics_integration" time="0.012" /><testcase classname="tests.test_phase1b_integration.TestPhase1BIntegrationSlow" name="test_real_content_processing" time="0.002"><error message="failed on setup with &quot;FileNotFoundError: [Errno 2] No such file or directory: '/workspaces/ai-content-farm/test_ranked_content.json'&quot;">containers/site-generator/tests/test_phase1b_integration.py:186: in real_ranked_content
    with open(content_file, "r") as f:
E   FileNotFoundError: [Errno 2] No such file or directory: '/workspaces/ai-content-farm/test_ranked_content.json'</error></testcase><testcase classname="tests.test_phase1b_integration.TestPhase1BIntegrationSlow" name="test_full_site_generation_with_real_content" time="0.001"><error message="failed on setup with &quot;FileNotFoundError: [Errno 2] No such file or directory: '/workspaces/ai-content-farm/test_ranked_content.json'&quot;">containers/site-generator/tests/test_phase1b_integration.py:186: in real_ranked_content
    with open(content_file, "r") as f:
E   FileNotFoundError: [Errno 2] No such file or directory: '/workspaces/ai-content-farm/test_ranked_content.json'</error></testcase><testcase classname="tests.test_phase1b_integration.TestPhase1BIntegrationSlow" name="test_rss_feed_generation_with_real_content" time="0.002"><error message="failed on setup with &quot;FileNotFoundError: [Errno 2] No such file or directory: '/workspaces/ai-content-farm/test_ranked_content.json'&quot;">containers/site-generator/tests/test_phase1b_integration.py:186: in real_ranked_content
    with open(content_file, "r") as f:
E   FileNotFoundError: [Errno 2] No such file or directory: '/workspaces/ai-content-farm/test_ranked_content.json'</error></testcase><testcase classname="tests.test_phase1b_integration.TestPhase1BIntegrationSlow" name="test_content_item_validation_with_real_data" time="0.002"><error message="failed on setup with &quot;FileNotFoundError: [Errno 2] No such file or directory: '/workspaces/ai-content-farm/test_ranked_content.json'&quot;">containers/site-generator/tests/test_phase1b_integration.py:186: in real_ranked_content
    with open(content_file, "r") as f:
E   FileNotFoundError: [Errno 2] No such file or directory: '/workspaces/ai-content-farm/test_ranked_content.json'</error></testcase><testcase classname="tests.test_service_logic.TestSiteProcessorUnit" name="test_processor_initialization" time="0.007" /><testcase classname="tests.test_service_logic.TestSiteProcessorUnit" name="test_process_articles_with_realistic_data" time="0.011" /><testcase classname="tests.test_service_logic.TestSiteProcessorUnit" name="test_generate_rss_feed_structure" time="0.012" /><testcase classname="tests.test_service_logic.TestSiteProcessorUnit" name="test_generation_status_tracking" time="0.014" /><testcase classname="tests.test_service_logic.TestSiteProcessorUnit" name="test_content_item_creation_from_ranked_data" time="0.002" /><testcase classname="tests.test_service_logic.TestSiteProcessorUnit" name="test_site_metadata_creation" time="0.012" /><testcase classname="tests.test_service_logic.TestSiteProcessorUnit" name="test_error_handling_for_invalid_content" time="0.012" /><testcase classname="tests.test_service_logic.TestSiteProcessorUnit" name="test_template_context_preparation" time="0.012" /><testcase classname="tests.test_service_logic_fast.TestSiteProcessorUnit" name="test_processor_initialization" time="0.006" /><testcase classname="tests.test_service_logic_fast.TestSiteProcessorUnit" name="test_process_articles_with_realistic_data" time="0.012" /><testcase classname="tests.test_service_logic_fast.TestSiteProcessorUnit" name="test_generate_rss_feed_structure" time="0.011" /><testcase classname="tests.test_service_logic_fast.TestSiteProcessorUnit" name="test_generation_status_tracking" time="0.016" /><testcase classname="tests.test_service_logic_fast.TestSiteProcessorUnit" name="test_content_item_creation_from_ranked_data" time="0.002" /><testcase classname="tests.test_service_logic_fast.TestSiteProcessorUnit" name="test_site_metadata_creation" time="0.011" /><testcase classname="tests.test_service_logic_fast.TestSiteProcessorUnit" name="test_error_handling_for_invalid_content" time="0.011" /><testcase classname="tests.test_service_logic_fast.TestSiteProcessorUnit" name="test_template_context_preparation" time="0.016" /><testcase classname="tests.test_template_manager.TestBlobTemplateLoader" name="test_blob_loader_init" time="0.006" /><testcase classname="tests.test_template_manager.TestBlobTemplateLoader" name="test_blob_loader_get_source" time="0.007" /><testcase classname="tests.test_template_manager.TestBlobTemplateLoader" name="test_blob_loader_caching" time="0.007" /><testcase classname="tests.test_template_manager.TestBlobTemplateLoader" name="test_blob_loader_template_not_found" time="0.008" /><testcase classname="tests.test_template_manager.TestLocalTemplateLoader" name="test_local_loader_init" time="0.008" /><testcase classname="tests.test_template_manager.TestLocalTemplateLoader" name="test_local_loader_get_source" time="0.004" /><testcase classname="tests.test_template_manager.TestLocalTemplateLoader" name="test_local_loader_template_not_found" time="0.006" /><testcase classname="tests.test_template_manager.TestTemplateManager" name="test_template_manager_init_local" time="0.008" /><testcase classname="tests.test_template_manager.TestTemplateManager" name="test_template_manager_init_blob" time="0.008" /><testcase classname="tests.test_template_manager.TestTemplateManager" name="test_render_template_local" time="0.033" /><testcase classname="tests.test_template_manager.TestTemplateManager" name="test_get_static_assets_with_fallback" time="0.007" /><testcase classname="tests.test_template_manager.TestTemplateManager" name="test_get_static_assets_from_blob" time="0.007" /><testcase classname="tests.test_template_manager.TestTemplateManager" name="test_upload_templates_to_blob" time="0.019" /><testcase classname="tests.test_template_manager.TestTemplateManagerIntegration" name="test_full_site_generation_flow" time="0.023" /><testcase classname="tests.test_template_manager.TestTemplateManagerIntegration" name="test_error_handling_missing_template" time="0.012" /></testsuite></testsuites>